<?xml version="1.0" encoding="UTF-8"?>
<!-- Generated by org.testng.reporters.JUnitReportReporter -->
<testsuite hostname="LAPTOP-1CD8ER7O" failures="0" tests="1" name="com.Ecommerce.Project.Test.E_Commerce_TC_2" time="23.902" errors="0" timestamp="2023-12-05T23:49:20 IST" skipped="0">
  <testcase classname="com.Ecommerce.Project.Test.E_Commerce_TC_2" name="fillForm" time="23.902"/>
</testsuite> <!-- com.Ecommerce.Project.Test.E_Commerce_TC_2 -->
