<?xml version="1.0" encoding="UTF-8"?>
<!-- Generated by org.testng.reporters.JUnitReportReporter -->
<testsuite hostname="LAPTOP-1CD8ER7O" failures="0" tests="1" name="com.MobileAutomation.test.MobileAutomation.SwipeGesture" time="7.739" errors="0" timestamp="2023-11-11T19:21:43 IST" skipped="0">
  <testcase classname="com.MobileAutomation.test.MobileAutomation.SwipeGesture" name="swipeGesture" time="7.739"/>
</testsuite> <!-- com.MobileAutomation.test.MobileAutomation.SwipeGesture -->
