<?xml version="1.0" encoding="UTF-8"?>
<!-- Generated by org.testng.reporters.JUnitReportReporter -->
<testsuite hostname="LAPTOP-1CD8ER7O" failures="0" tests="1" name="com.Ecommerce.Project.Test.E_Commerce_TC_4" time="19.629" errors="0" timestamp="2023-12-06T00:00:16 IST" skipped="0">
  <testcase classname="com.Ecommerce.Project.Test.E_Commerce_TC_4" name="fillForm" time="19.629"/>
</testsuite> <!-- com.Ecommerce.Project.Test.E_Commerce_TC_4 -->
