<?xml version="1.0" encoding="UTF-8"?>
<!-- Generated by org.testng.reporters.JUnitReportReporter -->
<testsuite hostname="LAPTOP-1CD8ER7O" failures="0" tests="1" name="com.MobileAutomation.test.MobileAutomation.DragNDrop" time="6.066" errors="0" timestamp="2023-11-13T13:56:02 IST" skipped="0">
  <testcase classname="com.MobileAutomation.test.MobileAutomation.DragNDrop" name="DragAndDropTest" time="6.066"/>
</testsuite> <!-- com.MobileAutomation.test.MobileAutomation.DragNDrop -->
