<?xml version="1.0" encoding="UTF-8"?>
<!-- Generated by org.testng.reporters.JUnitReportReporter -->
<testsuite hostname="LAPTOP-1CD8ER7O" failures="0" tests="1" name="com.Ecommerce.Project.Test.E_Commerce_TC_1" time="29.802" errors="0" timestamp="2023-11-21T19:34:57 IST" skipped="0">
  <testcase classname="com.Ecommerce.Project.Test.E_Commerce_TC_1" name="fillForm" time="29.802"/>
</testsuite> <!-- com.Ecommerce.Project.Test.E_Commerce_TC_1 -->
