<?xml version="1.0" encoding="UTF-8"?>
<!-- Generated by org.testng.reporters.JUnitReportReporter -->
<testsuite hostname="LAPTOP-1CD8ER7O" failures="0" tests="1" name="com.MobileAutomation.test.MobileAutomation.AppiumConfig" time="0.011" errors="0" timestamp="2023-10-20T13:17:11 IST" skipped="0">
  <testcase classname="com.MobileAutomation.test.MobileAutomation.AppiumConfig" name="test" time="0.011"/>
</testsuite> <!-- com.MobileAutomation.test.MobileAutomation.AppiumConfig -->
