<?xml version="1.0" encoding="UTF-8"?>
<!-- Generated by org.testng.reporters.JUnitReportReporter -->
<testsuite hostname="LAPTOP-1CD8ER7O" failures="0" tests="1" name="com.MobileAutomation.test.MobileAutomation.LongPress" time="7.086" errors="0" timestamp="2023-11-08T23:36:20 IST" skipped="0">
  <testcase classname="com.MobileAutomation.test.MobileAutomation.LongPress" name="longPressGesture" time="7.086"/>
</testsuite> <!-- com.MobileAutomation.test.MobileAutomation.LongPress -->
