<?xml version="1.0" encoding="UTF-8"?>
<!-- Generated by org.testng.reporters.JUnitReportReporter -->
<testsuite hostname="LAPTOP-1CD8ER7O" failures="0" tests="1" name="com.Ecommerce.Project.Test.E_Commerce_TC_3" time="15.293" errors="0" timestamp="2023-12-05T23:51:41 IST" skipped="0">
  <testcase classname="com.Ecommerce.Project.Test.E_Commerce_TC_3" name="fillForm" time="15.293"/>
</testsuite> <!-- com.Ecommerce.Project.Test.E_Commerce_TC_3 -->
