<?xml version="1.0" encoding="UTF-8"?>
<!-- Generated by org.testng.reporters.JUnitReportReporter -->
<testsuite hostname="LAPTOP-1CD8ER7O" failures="0" tests="1" name="com.MobileAutomation.test.MobileAutomation.ScrollDemoTest" time="22.197" errors="0" timestamp="2023-11-09T13:26:21 IST" skipped="0">
  <testcase classname="com.MobileAutomation.test.MobileAutomation.ScrollDemoTest" name="ScrollCursor" time="22.197"/>
</testsuite> <!-- com.MobileAutomation.test.MobileAutomation.ScrollDemoTest -->
