<?xml version="1.0" encoding="UTF-8"?>
<!-- Generated by org.testng.reporters.JUnitReportReporter -->
<testsuite hostname="LAPTOP-1CD8ER7O" failures="0" tests="1" name="com.MobileAutomation.test.MobileAutomation.MobileGesturePractice" time="6.453" errors="0" timestamp="2023-11-09T18:42:38 IST" skipped="0">
  <testcase classname="com.MobileAutomation.test.MobileAutomation.MobileGesturePractice" name="MobileGesture" time="6.453"/>
</testsuite> <!-- com.MobileAutomation.test.MobileAutomation.MobileGesturePractice -->
